P             
O           F 
L           L 
ALTER  NEUTRON
R           W 
I             
T             
Y             

M                 
A             E   
T             X   
CHEESECAKE  PICNIC
H             U   
E             S   
S             E   
              S   

Cannot cross the words.

V        
A  LETTER
N    R   
I    I   
S    C   
H    K   
I        
N        
G        

A  B

AAA  BBB
A    B  
A    B  

ELEPHANT  ELEPHANT
L         L       
E         E       
P         P       
H         H       
A         A       
N         N       
T         T       

            S 
            T 
 W          A 
 O          T 
CROSS  PROBLEM
 D          M 
 S          E 
            N 
            T 

Cannot cross the words.

   C                  
   H                  
   A                  
   R                  
   A                  
   C                  
   T                  
LINEFULLOF  FILLSEVERY
   R          E       
   S          T       
              T       
              E       
              R       
              S       
              P       
              O       
              T       

Cannot cross the words.

   I       
   N       
   P       
   U       
LAST  FIRST
      A    
      S    
      T    

