   28    1   25   37
   27   24   12    9
    3   12    3   18
    9    9   15   15
    0    6    0    6
    6    6    6    6

    8    7    4   11
    1    3    7    3
    2    4    4    2
    2    0    2    0
    2    2    2    2

    2    3    5    7
    1    2    2    5
    1    0    3    4
    1    3    1    3
    2    2    2    2

   11   13   17   19
    2    4    2    8
    2    2    6    6
    0    4    0    4
    4    4    4    4

32767    030000 8088
32767300002191224679
 2767 8088 2767 8088
 5321 5321 5321 5321

   25   37    1   28
   12   36   27    3
   24    9   24    9
   15   15   15   15

    0    0    0    0

    0    0  768    0
    0  768  768    0
  768    0  768    0
  768  768  768  768

    6    0    0    0
    6    0    0    6
    6    0    6    0
    6    6    6    6

   45  312    0    2
  267  312    2   43
   45  310   41  224
  265  269  183  179
    4   86    4   86
   82   82   82   82

  123  123  123  123

    1    1    1    1

    2    2    2    2

