NOP
KLM
NOPklm
"Ebg13 Rapelcgvba" unf guvegrra yrggref.
Gurer ner guvegrra jbeqf va guvf fragrapr, vs lbh pbhag nyy bs gurz.
Urer vf n pbzcyrgr rapelcgvba xrl:
    NOPQRSTUVWXYZABCDEFGHIJKLMnopqrstuvwxyzabcdefghijklm
    ABCDEFGHIJKLMNOPQRSTUVWXYZabcdefghijklmnopqrstuvwxyz
Due to the convergence of forces beyond his comprehension, Salvatore Quanucci was suddenly squirted out of the universe like a watermelon seed, never to be heard from again.
This should appear in plain English.
     Qhr gb gur pbairetrapr bs sbeprf orlbaq uvf pbzcerurafvba, Fnyingber
     Dhnahppv jnf fhqqrayl fdhvegrq bhg bs gur havirefr yvxr n jngrezryba
     frrq, arire gb or urneq sebz ntnva.
Guvf fubhyq nccrne havagryyvtvoyr.
Yrggre-zna fnlf: "Wnpxqnjf ybir zl ovt fcuvak bs dhnegm."
b
 a
  r
   yrggre-cre-yvar
   YbGf! bS zVkRq-pNfR gRkG JvGu @#^$#%&* cHaPgHnGvBa....
